Arguments: 
  C:\Program Files\nodejs\node.exe C:\Users\Administrator\AppData\Roaming\npm\node_modules\@sanity\cli\vendor\yarn install --json --non-interactive --ignore-engines --registry https://registry.npmjs.org

PATH: 
  D:\Dev\umma_ahimsha\portfolio\hydego-portfolio\hydego-studio\node_modules\.bin;D:\Dev\umma_ahimsha\portfolio\hydego-portfolio\node_modules\.bin;D:\Dev\umma_ahimsha\portfolio\node_modules\.bin;D:\Dev\umma_ahimsha\node_modules\.bin;D:\Dev\node_modules\.bin;D:\node_modules\.bin;C:\Program Files\nodejs;C:\Users\Administrator\AppData\Roaming\npm\node_modules\vendor;C:\Program Files\Git\mingw64\bin;C:\Program Files\Git\usr\bin;C:\Users\Administrator\bin;C:\Program Files\Broadcom\Broadcom 802.11;C:\Python38\Scripts;C:\Python38;C:\Windows\system32;C:\Windows;C:\Windows\System32\Wbem;C:\Windows\System32\WindowsPowerShell\v1.0;C:\Windows\System32\OpenSSH;C:\Program Files (x86)\NVIDIA Corporation\PhysX\Common;C:\ProgramData\chocolatey\bin;C:\Program Files (x86)\Yarn\bin;C:\Program Files\nodejs;C:\WINDOWS\system32;C:\WINDOWS;C:\WINDOWS\System32\Wbem;C:\WINDOWS\System32\WindowsPowerShell\v1.0;C:\WINDOWS\System32\OpenSSH;C:\Program Files\MySQL\MySQL Server 8.0\bin;C:\Program Files\Git\cmd;C:\Program Files\dotnet;C:\Users\Administrator\AppData\Local\Microsoft\WindowsApps;C:\ProgramData\Administrator\atom\bin;C:\Program Files\heroku\bin;C:\Program Files\PostgreSQL\13\bin;C:\Users\Administrator\AppData\Local\Yarn\bin;C:\Users\Administrator\AppData\Local\Programs\Microsoft VS Code\bin;C:\Users\Administrator\AppData\Roaming\npm;C:\Users\Administrator\AppData\Local\Microsoft\WindowsApps;C:\Users\Administrator\AppData\Local\hyper\app-3.0.2\resources\bin

Yarn version: 
  1.6.0

Node version: 
  14.15.0

Platform: 
  win32 x64

Trace: 
  Error: https://registry.npmjs.org/date-fns/-/date-fns-2.16.1.tgz: ESOCKETTIMEDOUT
      at ClientRequest.<anonymous> (C:\Users\Administrator\AppData\Roaming\npm\node_modules\@sanity\cli\vendor\yarn:133816:19)
      at Object.onceWrapper (events.js:421:28)
      at ClientRequest.emit (events.js:315:20)
      at TLSSocket.emitRequestTimeout (_http_client.js:784:9)
      at Object.onceWrapper (events.js:421:28)
      at TLSSocket.emit (events.js:327:22)
      at TLSSocket.Socket._onTimeout (net.js:483:8)
      at listOnTimeout (internal/timers.js:554:17)
      at processTimers (internal/timers.js:497:7)

npm manifest: 
  {
    "name": "hydegostudio",
    "private": true,
    "version": "1.0.0",
    "description": "",
    "main": "package.json",
    "author": "Umma Ahimsha <uahimsha@gmail.com>",
    "license": "MIT",
    "scripts": {
      "start": "sanity start",
      "test": "sanity check",
      "build": "sanity build public -y"
    },
    "keywords": [
      "sanity"
    ],
    "dependencies": {
      "@sanity/base": "^2.1.1",
      "@sanity/components": "^2.1.0",
      "@sanity/core": "^2.1.0",
      "@sanity/default-layout": "^2.1.1",
      "@sanity/default-login": "^2.1.0",
      "@sanity/desk-tool": "^2.1.1",
      "@sanity/production-preview": "^2.1.0",
      "@sanity/vision": "^2.1.0",
      "prop-types": "^15.7",
      "react": "^17.0",
      "react-dom": "^17.0",
      "sanity-plugin-dark-theme-blue": "^1.0.1"
    },
    "devDependencies": {
      "@sanity/cli": "^2.1.0"
    }
  }

yarn manifest: 
  No manifest

Lockfile: 
  No lockfile
